c:\users\alexis\desktop\excercicehtml\exercicehtml\exercicehtml\debug\vc120.pdb
c:\users\alexis\desktop\excercicehtml\exercicehtml\exercicehtml\debug\vc120.idb
c:\users\alexis\desktop\excercicehtml\exercicehtml\exercicehtml\debug\source.obj
c:\users\alexis\desktop\excercicehtml\exercicehtml\exercicehtml\debug\sourcedave.obj
c:\users\ap_al\desktop\excercicehtml\exercicehtml\exercicehtml\debug\vc140.pdb
c:\users\ap_al\desktop\excercicehtml\exercicehtml\exercicehtml\debug\vc140.idb
c:\users\ap_al\desktop\excercicehtml\exercicehtml\exercicehtml\debug\source.obj
c:\users\alexis\desktop\excercicehtml\exercicehtml\debug\exercicehtml.ilk
c:\users\alexis\desktop\excercicehtml\exercicehtml\debug\exercicehtml.exe
c:\users\alexis\desktop\excercicehtml\exercicehtml\debug\exercicehtml.pdb
c:\users\ap_al\desktop\excercicehtml\exercicehtml\debug\exercicehtml.ilk
c:\users\ap_al\desktop\excercicehtml\exercicehtml\debug\exercicehtml.exe
c:\users\ap_al\desktop\excercicehtml\exercicehtml\debug\exercicehtml.pdb
c:\users\ap_al\desktop\excercicehtml\exercicehtml\exercicehtml\debug\sourcedave.obj
c:\users\ap_al\desktop\excercicehtml\exercicehtml\exercicehtml\debug\vc120.idb
c:\users\ap_al\desktop\excercicehtml\exercicehtml\exercicehtml\debug\vc120.pdb
c:\users\ap_al\desktop\excercicehtml\exercicehtml\exercicehtml\debug\exercicehtml.tlog\cl.command.1.tlog
c:\users\ap_al\desktop\excercicehtml\exercicehtml\exercicehtml\debug\exercicehtml.tlog\cl.read.1.tlog
c:\users\ap_al\desktop\excercicehtml\exercicehtml\exercicehtml\debug\exercicehtml.tlog\cl.write.1.tlog
c:\users\ap_al\desktop\excercicehtml\exercicehtml\exercicehtml\debug\exercicehtml.tlog\link.command.1.tlog
c:\users\ap_al\desktop\excercicehtml\exercicehtml\exercicehtml\debug\exercicehtml.tlog\link.read.1.tlog
c:\users\ap_al\desktop\excercicehtml\exercicehtml\exercicehtml\debug\exercicehtml.tlog\link.write.1.tlog
